<?xml version="1.0" encoding="UTF-8"?>
<testsuite xmlns:xsi="http://www.w3.org/2001/XMLSchema-instance" xsi:noNamespaceSchemaLocation="https://maven.apache.org/surefire/maven-surefire-plugin/xsd/surefire-test-report.xsd" version="3.0.2" name="revenue.example.revenue.RevenueApplicationTests" time="21.952" tests="1" errors="0" skipped="0" failures="0">
  <properties>
    <property name="java.specification.version" value="23"/>
    <property name="sun.jnu.encoding" value="UTF-8"/>
    <property name="java.class.path" value="/home/kainom/meusprojetos/revenue/target/test-classes:/home/kainom/meusprojetos/revenue/target/classes:/home/kainom/.m2/repository/org/springframework/boot/spring-boot-starter-data-mongodb/3.4.1/spring-boot-starter-data-mongodb-3.4.1.jar:/home/kainom/.m2/repository/org/springframework/boot/spring-boot-starter/3.4.1/spring-boot-starter-3.4.1.jar:/home/kainom/.m2/repository/org/springframework/boot/spring-boot-starter-logging/3.4.1/spring-boot-starter-logging-3.4.1.jar:/home/kainom/.m2/repository/ch/qos/logback/logback-classic/1.5.12/logback-classic-1.5.12.jar:/home/kainom/.m2/repository/ch/qos/logback/logback-core/1.5.12/logback-core-1.5.12.jar:/home/kainom/.m2/repository/org/apache/logging/log4j/log4j-to-slf4j/2.24.3/log4j-to-slf4j-2.24.3.jar:/home/kainom/.m2/repository/org/apache/logging/log4j/log4j-api/2.24.3/log4j-api-2.24.3.jar:/home/kainom/.m2/repository/org/slf4j/jul-to-slf4j/2.0.16/jul-to-slf4j-2.0.16.jar:/home/kainom/.m2/repository/jakarta/annotation/jakarta.annotation-api/2.1.1/jakarta.annotation-api-2.1.1.jar:/home/kainom/.m2/repository/org/yaml/snakeyaml/2.3/snakeyaml-2.3.jar:/home/kainom/.m2/repository/org/mongodb/mongodb-driver-sync/5.2.1/mongodb-driver-sync-5.2.1.jar:/home/kainom/.m2/repository/org/mongodb/bson/5.2.1/bson-5.2.1.jar:/home/kainom/.m2/repository/org/mongodb/mongodb-driver-core/5.2.1/mongodb-driver-core-5.2.1.jar:/home/kainom/.m2/repository/org/mongodb/bson-record-codec/5.2.1/bson-record-codec-5.2.1.jar:/home/kainom/.m2/repository/org/springframework/data/spring-data-mongodb/4.4.1/spring-data-mongodb-4.4.1.jar:/home/kainom/.m2/repository/org/springframework/spring-tx/6.2.1/spring-tx-6.2.1.jar:/home/kainom/.m2/repository/org/springframework/spring-context/6.2.1/spring-context-6.2.1.jar:/home/kainom/.m2/repository/org/springframework/spring-beans/6.2.1/spring-beans-6.2.1.jar:/home/kainom/.m2/repository/org/springframework/spring-expression/6.2.1/spring-expression-6.2.1.jar:/home/kainom/.m2/repository/org/springframework/data/spring-data-commons/3.4.1/spring-data-commons-3.4.1.jar:/home/kainom/.m2/repository/org/slf4j/slf4j-api/2.0.16/slf4j-api-2.0.16.jar:/home/kainom/.m2/repository/org/springframework/boot/spring-boot-starter-security/3.4.1/spring-boot-starter-security-3.4.1.jar:/home/kainom/.m2/repository/org/springframework/spring-aop/6.2.1/spring-aop-6.2.1.jar:/home/kainom/.m2/repository/org/springframework/security/spring-security-config/6.4.2/spring-security-config-6.4.2.jar:/home/kainom/.m2/repository/org/springframework/security/spring-security-web/6.4.2/spring-security-web-6.4.2.jar:/home/kainom/.m2/repository/org/springframework/boot/spring-boot-starter-validation/3.4.1/spring-boot-starter-validation-3.4.1.jar:/home/kainom/.m2/repository/org/apache/tomcat/embed/tomcat-embed-el/10.1.34/tomcat-embed-el-10.1.34.jar:/home/kainom/.m2/repository/org/hibernate/validator/hibernate-validator/8.0.2.Final/hibernate-validator-8.0.2.Final.jar:/home/kainom/.m2/repository/jakarta/validation/jakarta.validation-api/3.0.2/jakarta.validation-api-3.0.2.jar:/home/kainom/.m2/repository/org/jboss/logging/jboss-logging/3.6.1.Final/jboss-logging-3.6.1.Final.jar:/home/kainom/.m2/repository/com/fasterxml/classmate/1.7.0/classmate-1.7.0.jar:/home/kainom/.m2/repository/org/springframework/boot/spring-boot-starter-web/3.4.1/spring-boot-starter-web-3.4.1.jar:/home/kainom/.m2/repository/org/springframework/boot/spring-boot-starter-json/3.4.1/spring-boot-starter-json-3.4.1.jar:/home/kainom/.m2/repository/com/fasterxml/jackson/core/jackson-databind/2.18.2/jackson-databind-2.18.2.jar:/home/kainom/.m2/repository/com/fasterxml/jackson/core/jackson-annotations/2.18.2/jackson-annotations-2.18.2.jar:/home/kainom/.m2/repository/com/fasterxml/jackson/core/jackson-core/2.18.2/jackson-core-2.18.2.jar:/home/kainom/.m2/repository/com/fasterxml/jackson/datatype/jackson-datatype-jdk8/2.18.2/jackson-datatype-jdk8-2.18.2.jar:/home/kainom/.m2/repository/com/fasterxml/jackson/datatype/jackson-datatype-jsr310/2.18.2/jackson-datatype-jsr310-2.18.2.jar:/home/kainom/.m2/repository/com/fasterxml/jackson/module/jackson-module-parameter-names/2.18.2/jackson-module-parameter-names-2.18.2.jar:/home/kainom/.m2/repository/org/springframework/boot/spring-boot-starter-tomcat/3.4.1/spring-boot-starter-tomcat-3.4.1.jar:/home/kainom/.m2/repository/org/apache/tomcat/embed/tomcat-embed-core/10.1.34/tomcat-embed-core-10.1.34.jar:/home/kainom/.m2/repository/org/apache/tomcat/embed/tomcat-embed-websocket/10.1.34/tomcat-embed-websocket-10.1.34.jar:/home/kainom/.m2/repository/org/springframework/spring-web/6.2.1/spring-web-6.2.1.jar:/home/kainom/.m2/repository/io/micrometer/micrometer-observation/1.14.2/micrometer-observation-1.14.2.jar:/home/kainom/.m2/repository/io/micrometer/micrometer-commons/1.14.2/micrometer-commons-1.14.2.jar:/home/kainom/.m2/repository/org/springframework/spring-webmvc/6.2.1/spring-webmvc-6.2.1.jar:/home/kainom/.m2/repository/org/springframework/boot/spring-boot-devtools/3.4.1/spring-boot-devtools-3.4.1.jar:/home/kainom/.m2/repository/org/springframework/boot/spring-boot/3.4.1/spring-boot-3.4.1.jar:/home/kainom/.m2/repository/org/springframework/boot/spring-boot-autoconfigure/3.4.1/spring-boot-autoconfigure-3.4.1.jar:/home/kainom/.m2/repository/org/projectlombok/lombok/1.18.36/lombok-1.18.36.jar:/home/kainom/.m2/repository/org/springframework/boot/spring-boot-starter-test/3.4.1/spring-boot-starter-test-3.4.1.jar:/home/kainom/.m2/repository/org/springframework/boot/spring-boot-test/3.4.1/spring-boot-test-3.4.1.jar:/home/kainom/.m2/repository/org/springframework/boot/spring-boot-test-autoconfigure/3.4.1/spring-boot-test-autoconfigure-3.4.1.jar:/home/kainom/.m2/repository/com/jayway/jsonpath/json-path/2.9.0/json-path-2.9.0.jar:/home/kainom/.m2/repository/jakarta/xml/bind/jakarta.xml.bind-api/4.0.2/jakarta.xml.bind-api-4.0.2.jar:/home/kainom/.m2/repository/jakarta/activation/jakarta.activation-api/2.1.3/jakarta.activation-api-2.1.3.jar:/home/kainom/.m2/repository/net/minidev/json-smart/2.5.1/json-smart-2.5.1.jar:/home/kainom/.m2/repository/net/minidev/accessors-smart/2.5.1/accessors-smart-2.5.1.jar:/home/kainom/.m2/repository/org/ow2/asm/asm/9.6/asm-9.6.jar:/home/kainom/.m2/repository/org/assertj/assertj-core/3.26.3/assertj-core-3.26.3.jar:/home/kainom/.m2/repository/net/bytebuddy/byte-buddy/1.15.11/byte-buddy-1.15.11.jar:/home/kainom/.m2/repository/org/awaitility/awaitility/4.2.2/awaitility-4.2.2.jar:/home/kainom/.m2/repository/org/hamcrest/hamcrest/2.2/hamcrest-2.2.jar:/home/kainom/.m2/repository/org/junit/jupiter/junit-jupiter/5.11.4/junit-jupiter-5.11.4.jar:/home/kainom/.m2/repository/org/junit/jupiter/junit-jupiter-api/5.11.4/junit-jupiter-api-5.11.4.jar:/home/kainom/.m2/repository/org/opentest4j/opentest4j/1.3.0/opentest4j-1.3.0.jar:/home/kainom/.m2/repository/org/junit/platform/junit-platform-commons/1.11.4/junit-platform-commons-1.11.4.jar:/home/kainom/.m2/repository/org/apiguardian/apiguardian-api/1.1.2/apiguardian-api-1.1.2.jar:/home/kainom/.m2/repository/org/junit/jupiter/junit-jupiter-params/5.11.4/junit-jupiter-params-5.11.4.jar:/home/kainom/.m2/repository/org/junit/jupiter/junit-jupiter-engine/5.11.4/junit-jupiter-engine-5.11.4.jar:/home/kainom/.m2/repository/org/junit/platform/junit-platform-engine/1.11.4/junit-platform-engine-1.11.4.jar:/home/kainom/.m2/repository/org/mockito/mockito-core/5.14.2/mockito-core-5.14.2.jar:/home/kainom/.m2/repository/net/bytebuddy/byte-buddy-agent/1.15.11/byte-buddy-agent-1.15.11.jar:/home/kainom/.m2/repository/org/objenesis/objenesis/3.3/objenesis-3.3.jar:/home/kainom/.m2/repository/org/mockito/mockito-junit-jupiter/5.14.2/mockito-junit-jupiter-5.14.2.jar:/home/kainom/.m2/repository/org/skyscreamer/jsonassert/1.5.3/jsonassert-1.5.3.jar:/home/kainom/.m2/repository/com/vaadin/external/google/android-json/0.0.20131108.vaadin1/android-json-0.0.20131108.vaadin1.jar:/home/kainom/.m2/repository/org/springframework/spring-core/6.2.1/spring-core-6.2.1.jar:/home/kainom/.m2/repository/org/springframework/spring-jcl/6.2.1/spring-jcl-6.2.1.jar:/home/kainom/.m2/repository/org/springframework/spring-test/6.2.1/spring-test-6.2.1.jar:/home/kainom/.m2/repository/org/xmlunit/xmlunit-core/2.10.0/xmlunit-core-2.10.0.jar:/home/kainom/.m2/repository/org/springframework/security/spring-security-test/6.4.2/spring-security-test-6.4.2.jar:/home/kainom/.m2/repository/org/springframework/security/spring-security-core/6.4.2/spring-security-core-6.4.2.jar:/home/kainom/.m2/repository/org/springframework/security/spring-security-crypto/6.4.2/spring-security-crypto-6.4.2.jar:/home/kainom/.m2/repository/io/mongock/mongock-springboot/5.4.0/mongock-springboot-5.4.0.jar:/home/kainom/.m2/repository/io/mongock/mongock-springboot-base/5.4.0/mongock-springboot-base-5.4.0.jar:/home/kainom/.m2/repository/io/mongock/mongock-spring-base/5.4.0/mongock-spring-base-5.4.0.jar:/home/kainom/.m2/repository/io/mongock/mongock-runner-core/5.4.0/mongock-runner-core-5.4.0.jar:/home/kainom/.m2/repository/org/reflections/reflections/0.10.1/reflections-0.10.1.jar:/home/kainom/.m2/repository/org/apache/maven/maven-artifact/3.6.1/maven-artifact-3.6.1.jar:/home/kainom/.m2/repository/org/codehaus/plexus/plexus-utils/3.2.0/plexus-utils-3.2.0.jar:/home/kainom/.m2/repository/org/apache/commons/commons-lang3/3.17.0/commons-lang3-3.17.0.jar:/home/kainom/.m2/repository/com/google/code/gson/gson/2.11.0/gson-2.11.0.jar:/home/kainom/.m2/repository/io/mongock/mongock-utils/5.4.0/mongock-utils-5.4.0.jar:/home/kainom/.m2/repository/org/springframework/boot/spring-boot-configuration-processor/3.4.1/spring-boot-configuration-processor-3.4.1.jar:/home/kainom/.m2/repository/io/mongock/mongodb-springdata-v4-driver/5.4.0/mongodb-springdata-v4-driver-5.4.0.jar:/home/kainom/.m2/repository/io/mongock/mongock-driver-core/5.3.6/mongock-driver-core-5.3.6.jar:/home/kainom/.m2/repository/io/mongock/mongock-driver-api/5.3.6/mongock-driver-api-5.3.6.jar:/home/kainom/.m2/repository/org/javassist/javassist/3.28.0-GA/javassist-3.28.0-GA.jar:/home/kainom/.m2/repository/com/google/guava/guava/33.3.1-jre/guava-33.3.1-jre.jar:/home/kainom/.m2/repository/com/google/guava/failureaccess/1.0.2/failureaccess-1.0.2.jar:/home/kainom/.m2/repository/com/google/guava/listenablefuture/9999.0-empty-to-avoid-conflict-with-guava/listenablefuture-9999.0-empty-to-avoid-conflict-with-guava.jar:/home/kainom/.m2/repository/com/google/code/findbugs/jsr305/3.0.2/jsr305-3.0.2.jar:/home/kainom/.m2/repository/org/checkerframework/checker-qual/3.43.0/checker-qual-3.43.0.jar:/home/kainom/.m2/repository/com/google/errorprone/error_prone_annotations/2.28.0/error_prone_annotations-2.28.0.jar:/home/kainom/.m2/repository/com/google/j2objc/j2objc-annotations/3.0.0/j2objc-annotations-3.0.0.jar:/home/kainom/.m2/repository/javax/inject/javax.inject/1/javax.inject-1.jar:/home/kainom/.m2/repository/io/mongock/mongock-api/5.3.6/mongock-api-5.3.6.jar:/home/kainom/.m2/repository/io/mongock/mongodb-sync-v4-driver/5.3.6/mongodb-sync-v4-driver-5.3.6.jar:"/>
    <property name="java.vm.vendor" value="Oracle Corporation"/>
    <property name="sun.arch.data.model" value="64"/>
    <property name="java.vendor.url" value="https://java.oracle.com/"/>
    <property name="user.timezone" value="America/Sao_Paulo"/>
    <property name="org.jboss.logging.provider" value="slf4j"/>
    <property name="os.name" value="Linux"/>
    <property name="java.vm.specification.version" value="23"/>
    <property name="APPLICATION_NAME" value="revenue"/>
    <property name="sun.java.launcher" value="SUN_STANDARD"/>
    <property name="user.country" value="US"/>
    <property name="sun.boot.library.path" value="/usr/lib/jvm/jdk-23.0.1-oracle-x64/lib"/>
    <property name="sun.java.command" value="/home/kainom/meusprojetos/revenue/target/surefire/surefirebooter-20250111175641101_3.jar /home/kainom/meusprojetos/revenue/target/surefire 2025-01-11T17-56-40_443-jvmRun1 surefire-20250111175641101_1tmp surefire_0-20250111175641101_2tmp"/>
    <property name="jdk.debug" value="release"/>
    <property name="surefire.test.class.path" value="/home/kainom/meusprojetos/revenue/target/test-classes:/home/kainom/meusprojetos/revenue/target/classes:/home/kainom/.m2/repository/org/springframework/boot/spring-boot-starter-data-mongodb/3.4.1/spring-boot-starter-data-mongodb-3.4.1.jar:/home/kainom/.m2/repository/org/springframework/boot/spring-boot-starter/3.4.1/spring-boot-starter-3.4.1.jar:/home/kainom/.m2/repository/org/springframework/boot/spring-boot-starter-logging/3.4.1/spring-boot-starter-logging-3.4.1.jar:/home/kainom/.m2/repository/ch/qos/logback/logback-classic/1.5.12/logback-classic-1.5.12.jar:/home/kainom/.m2/repository/ch/qos/logback/logback-core/1.5.12/logback-core-1.5.12.jar:/home/kainom/.m2/repository/org/apache/logging/log4j/log4j-to-slf4j/2.24.3/log4j-to-slf4j-2.24.3.jar:/home/kainom/.m2/repository/org/apache/logging/log4j/log4j-api/2.24.3/log4j-api-2.24.3.jar:/home/kainom/.m2/repository/org/slf4j/jul-to-slf4j/2.0.16/jul-to-slf4j-2.0.16.jar:/home/kainom/.m2/repository/jakarta/annotation/jakarta.annotation-api/2.1.1/jakarta.annotation-api-2.1.1.jar:/home/kainom/.m2/repository/org/yaml/snakeyaml/2.3/snakeyaml-2.3.jar:/home/kainom/.m2/repository/org/mongodb/mongodb-driver-sync/5.2.1/mongodb-driver-sync-5.2.1.jar:/home/kainom/.m2/repository/org/mongodb/bson/5.2.1/bson-5.2.1.jar:/home/kainom/.m2/repository/org/mongodb/mongodb-driver-core/5.2.1/mongodb-driver-core-5.2.1.jar:/home/kainom/.m2/repository/org/mongodb/bson-record-codec/5.2.1/bson-record-codec-5.2.1.jar:/home/kainom/.m2/repository/org/springframework/data/spring-data-mongodb/4.4.1/spring-data-mongodb-4.4.1.jar:/home/kainom/.m2/repository/org/springframework/spring-tx/6.2.1/spring-tx-6.2.1.jar:/home/kainom/.m2/repository/org/springframework/spring-context/6.2.1/spring-context-6.2.1.jar:/home/kainom/.m2/repository/org/springframework/spring-beans/6.2.1/spring-beans-6.2.1.jar:/home/kainom/.m2/repository/org/springframework/spring-expression/6.2.1/spring-expression-6.2.1.jar:/home/kainom/.m2/repository/org/springframework/data/spring-data-commons/3.4.1/spring-data-commons-3.4.1.jar:/home/kainom/.m2/repository/org/slf4j/slf4j-api/2.0.16/slf4j-api-2.0.16.jar:/home/kainom/.m2/repository/org/springframework/boot/spring-boot-starter-security/3.4.1/spring-boot-starter-security-3.4.1.jar:/home/kainom/.m2/repository/org/springframework/spring-aop/6.2.1/spring-aop-6.2.1.jar:/home/kainom/.m2/repository/org/springframework/security/spring-security-config/6.4.2/spring-security-config-6.4.2.jar:/home/kainom/.m2/repository/org/springframework/security/spring-security-web/6.4.2/spring-security-web-6.4.2.jar:/home/kainom/.m2/repository/org/springframework/boot/spring-boot-starter-validation/3.4.1/spring-boot-starter-validation-3.4.1.jar:/home/kainom/.m2/repository/org/apache/tomcat/embed/tomcat-embed-el/10.1.34/tomcat-embed-el-10.1.34.jar:/home/kainom/.m2/repository/org/hibernate/validator/hibernate-validator/8.0.2.Final/hibernate-validator-8.0.2.Final.jar:/home/kainom/.m2/repository/jakarta/validation/jakarta.validation-api/3.0.2/jakarta.validation-api-3.0.2.jar:/home/kainom/.m2/repository/org/jboss/logging/jboss-logging/3.6.1.Final/jboss-logging-3.6.1.Final.jar:/home/kainom/.m2/repository/com/fasterxml/classmate/1.7.0/classmate-1.7.0.jar:/home/kainom/.m2/repository/org/springframework/boot/spring-boot-starter-web/3.4.1/spring-boot-starter-web-3.4.1.jar:/home/kainom/.m2/repository/org/springframework/boot/spring-boot-starter-json/3.4.1/spring-boot-starter-json-3.4.1.jar:/home/kainom/.m2/repository/com/fasterxml/jackson/core/jackson-databind/2.18.2/jackson-databind-2.18.2.jar:/home/kainom/.m2/repository/com/fasterxml/jackson/core/jackson-annotations/2.18.2/jackson-annotations-2.18.2.jar:/home/kainom/.m2/repository/com/fasterxml/jackson/core/jackson-core/2.18.2/jackson-core-2.18.2.jar:/home/kainom/.m2/repository/com/fasterxml/jackson/datatype/jackson-datatype-jdk8/2.18.2/jackson-datatype-jdk8-2.18.2.jar:/home/kainom/.m2/repository/com/fasterxml/jackson/datatype/jackson-datatype-jsr310/2.18.2/jackson-datatype-jsr310-2.18.2.jar:/home/kainom/.m2/repository/com/fasterxml/jackson/module/jackson-module-parameter-names/2.18.2/jackson-module-parameter-names-2.18.2.jar:/home/kainom/.m2/repository/org/springframework/boot/spring-boot-starter-tomcat/3.4.1/spring-boot-starter-tomcat-3.4.1.jar:/home/kainom/.m2/repository/org/apache/tomcat/embed/tomcat-embed-core/10.1.34/tomcat-embed-core-10.1.34.jar:/home/kainom/.m2/repository/org/apache/tomcat/embed/tomcat-embed-websocket/10.1.34/tomcat-embed-websocket-10.1.34.jar:/home/kainom/.m2/repository/org/springframework/spring-web/6.2.1/spring-web-6.2.1.jar:/home/kainom/.m2/repository/io/micrometer/micrometer-observation/1.14.2/micrometer-observation-1.14.2.jar:/home/kainom/.m2/repository/io/micrometer/micrometer-commons/1.14.2/micrometer-commons-1.14.2.jar:/home/kainom/.m2/repository/org/springframework/spring-webmvc/6.2.1/spring-webmvc-6.2.1.jar:/home/kainom/.m2/repository/org/springframework/boot/spring-boot-devtools/3.4.1/spring-boot-devtools-3.4.1.jar:/home/kainom/.m2/repository/org/springframework/boot/spring-boot/3.4.1/spring-boot-3.4.1.jar:/home/kainom/.m2/repository/org/springframework/boot/spring-boot-autoconfigure/3.4.1/spring-boot-autoconfigure-3.4.1.jar:/home/kainom/.m2/repository/org/projectlombok/lombok/1.18.36/lombok-1.18.36.jar:/home/kainom/.m2/repository/org/springframework/boot/spring-boot-starter-test/3.4.1/spring-boot-starter-test-3.4.1.jar:/home/kainom/.m2/repository/org/springframework/boot/spring-boot-test/3.4.1/spring-boot-test-3.4.1.jar:/home/kainom/.m2/repository/org/springframework/boot/spring-boot-test-autoconfigure/3.4.1/spring-boot-test-autoconfigure-3.4.1.jar:/home/kainom/.m2/repository/com/jayway/jsonpath/json-path/2.9.0/json-path-2.9.0.jar:/home/kainom/.m2/repository/jakarta/xml/bind/jakarta.xml.bind-api/4.0.2/jakarta.xml.bind-api-4.0.2.jar:/home/kainom/.m2/repository/jakarta/activation/jakarta.activation-api/2.1.3/jakarta.activation-api-2.1.3.jar:/home/kainom/.m2/repository/net/minidev/json-smart/2.5.1/json-smart-2.5.1.jar:/home/kainom/.m2/repository/net/minidev/accessors-smart/2.5.1/accessors-smart-2.5.1.jar:/home/kainom/.m2/repository/org/ow2/asm/asm/9.6/asm-9.6.jar:/home/kainom/.m2/repository/org/assertj/assertj-core/3.26.3/assertj-core-3.26.3.jar:/home/kainom/.m2/repository/net/bytebuddy/byte-buddy/1.15.11/byte-buddy-1.15.11.jar:/home/kainom/.m2/repository/org/awaitility/awaitility/4.2.2/awaitility-4.2.2.jar:/home/kainom/.m2/repository/org/hamcrest/hamcrest/2.2/hamcrest-2.2.jar:/home/kainom/.m2/repository/org/junit/jupiter/junit-jupiter/5.11.4/junit-jupiter-5.11.4.jar:/home/kainom/.m2/repository/org/junit/jupiter/junit-jupiter-api/5.11.4/junit-jupiter-api-5.11.4.jar:/home/kainom/.m2/repository/org/opentest4j/opentest4j/1.3.0/opentest4j-1.3.0.jar:/home/kainom/.m2/repository/org/junit/platform/junit-platform-commons/1.11.4/junit-platform-commons-1.11.4.jar:/home/kainom/.m2/repository/org/apiguardian/apiguardian-api/1.1.2/apiguardian-api-1.1.2.jar:/home/kainom/.m2/repository/org/junit/jupiter/junit-jupiter-params/5.11.4/junit-jupiter-params-5.11.4.jar:/home/kainom/.m2/repository/org/junit/jupiter/junit-jupiter-engine/5.11.4/junit-jupiter-engine-5.11.4.jar:/home/kainom/.m2/repository/org/junit/platform/junit-platform-engine/1.11.4/junit-platform-engine-1.11.4.jar:/home/kainom/.m2/repository/org/mockito/mockito-core/5.14.2/mockito-core-5.14.2.jar:/home/kainom/.m2/repository/net/bytebuddy/byte-buddy-agent/1.15.11/byte-buddy-agent-1.15.11.jar:/home/kainom/.m2/repository/org/objenesis/objenesis/3.3/objenesis-3.3.jar:/home/kainom/.m2/repository/org/mockito/mockito-junit-jupiter/5.14.2/mockito-junit-jupiter-5.14.2.jar:/home/kainom/.m2/repository/org/skyscreamer/jsonassert/1.5.3/jsonassert-1.5.3.jar:/home/kainom/.m2/repository/com/vaadin/external/google/android-json/0.0.20131108.vaadin1/android-json-0.0.20131108.vaadin1.jar:/home/kainom/.m2/repository/org/springframework/spring-core/6.2.1/spring-core-6.2.1.jar:/home/kainom/.m2/repository/org/springframework/spring-jcl/6.2.1/spring-jcl-6.2.1.jar:/home/kainom/.m2/repository/org/springframework/spring-test/6.2.1/spring-test-6.2.1.jar:/home/kainom/.m2/repository/org/xmlunit/xmlunit-core/2.10.0/xmlunit-core-2.10.0.jar:/home/kainom/.m2/repository/org/springframework/security/spring-security-test/6.4.2/spring-security-test-6.4.2.jar:/home/kainom/.m2/repository/org/springframework/security/spring-security-core/6.4.2/spring-security-core-6.4.2.jar:/home/kainom/.m2/repository/org/springframework/security/spring-security-crypto/6.4.2/spring-security-crypto-6.4.2.jar:/home/kainom/.m2/repository/io/mongock/mongock-springboot/5.4.0/mongock-springboot-5.4.0.jar:/home/kainom/.m2/repository/io/mongock/mongock-springboot-base/5.4.0/mongock-springboot-base-5.4.0.jar:/home/kainom/.m2/repository/io/mongock/mongock-spring-base/5.4.0/mongock-spring-base-5.4.0.jar:/home/kainom/.m2/repository/io/mongock/mongock-runner-core/5.4.0/mongock-runner-core-5.4.0.jar:/home/kainom/.m2/repository/org/reflections/reflections/0.10.1/reflections-0.10.1.jar:/home/kainom/.m2/repository/org/apache/maven/maven-artifact/3.6.1/maven-artifact-3.6.1.jar:/home/kainom/.m2/repository/org/codehaus/plexus/plexus-utils/3.2.0/plexus-utils-3.2.0.jar:/home/kainom/.m2/repository/org/apache/commons/commons-lang3/3.17.0/commons-lang3-3.17.0.jar:/home/kainom/.m2/repository/com/google/code/gson/gson/2.11.0/gson-2.11.0.jar:/home/kainom/.m2/repository/io/mongock/mongock-utils/5.4.0/mongock-utils-5.4.0.jar:/home/kainom/.m2/repository/org/springframework/boot/spring-boot-configuration-processor/3.4.1/spring-boot-configuration-processor-3.4.1.jar:/home/kainom/.m2/repository/io/mongock/mongodb-springdata-v4-driver/5.4.0/mongodb-springdata-v4-driver-5.4.0.jar:/home/kainom/.m2/repository/io/mongock/mongock-driver-core/5.3.6/mongock-driver-core-5.3.6.jar:/home/kainom/.m2/repository/io/mongock/mongock-driver-api/5.3.6/mongock-driver-api-5.3.6.jar:/home/kainom/.m2/repository/org/javassist/javassist/3.28.0-GA/javassist-3.28.0-GA.jar:/home/kainom/.m2/repository/com/google/guava/guava/33.3.1-jre/guava-33.3.1-jre.jar:/home/kainom/.m2/repository/com/google/guava/failureaccess/1.0.2/failureaccess-1.0.2.jar:/home/kainom/.m2/repository/com/google/guava/listenablefuture/9999.0-empty-to-avoid-conflict-with-guava/listenablefuture-9999.0-empty-to-avoid-conflict-with-guava.jar:/home/kainom/.m2/repository/com/google/code/findbugs/jsr305/3.0.2/jsr305-3.0.2.jar:/home/kainom/.m2/repository/org/checkerframework/checker-qual/3.43.0/checker-qual-3.43.0.jar:/home/kainom/.m2/repository/com/google/errorprone/error_prone_annotations/2.28.0/error_prone_annotations-2.28.0.jar:/home/kainom/.m2/repository/com/google/j2objc/j2objc-annotations/3.0.0/j2objc-annotations-3.0.0.jar:/home/kainom/.m2/repository/javax/inject/javax.inject/1/javax.inject-1.jar:/home/kainom/.m2/repository/io/mongock/mongock-api/5.3.6/mongock-api-5.3.6.jar:/home/kainom/.m2/repository/io/mongock/mongodb-sync-v4-driver/5.3.6/mongodb-sync-v4-driver-5.3.6.jar:"/>
    <property name="sun.cpu.endian" value="little"/>
    <property name="user.home" value="/home/kainom"/>
    <property name="user.language" value="en"/>
    <property name="java.specification.vendor" value="Oracle Corporation"/>
    <property name="java.version.date" value="2024-10-15"/>
    <property name="java.home" value="/usr/lib/jvm/jdk-23.0.1-oracle-x64"/>
    <property name="file.separator" value="/"/>
    <property name="basedir" value="/home/kainom/meusprojetos/revenue"/>
    <property name="java.vm.compressedOopsMode" value="32-bit"/>
    <property name="line.separator" value="&#10;"/>
    <property name="java.vm.specification.vendor" value="Oracle Corporation"/>
    <property name="java.specification.name" value="Java Platform API Specification"/>
    <property name="FILE_LOG_CHARSET" value="UTF-8"/>
    <property name="java.awt.headless" value="true"/>
    <property name="surefire.real.class.path" value="/home/kainom/meusprojetos/revenue/target/surefire/surefirebooter-20250111175641101_3.jar"/>
    <property name="sun.management.compiler" value="HotSpot 64-Bit Tiered Compilers"/>
    <property name="java.runtime.version" value="23.0.1+11-39"/>
    <property name="user.name" value="kainom"/>
    <property name="stdout.encoding" value="UTF-8"/>
    <property name="path.separator" value=":"/>
    <property name="os.version" value="5.15.0-130-generic"/>
    <property name="java.runtime.name" value="Java(TM) SE Runtime Environment"/>
    <property name="file.encoding" value="UTF-8"/>
    <property name="java.vm.name" value="Java HotSpot(TM) 64-Bit Server VM"/>
    <property name="localRepository" value="/home/kainom/.m2/repository"/>
    <property name="java.vendor.url.bug" value="https://bugreport.java.com/bugreport/"/>
    <property name="java.io.tmpdir" value="/tmp"/>
    <property name="java.version" value="23.0.1"/>
    <property name="user.dir" value="/home/kainom/meusprojetos/revenue"/>
    <property name="os.arch" value="amd64"/>
    <property name="java.vm.specification.name" value="Java Virtual Machine Specification"/>
    <property name="PID" value="276612"/>
    <property name="CONSOLE_LOG_CHARSET" value="UTF-8"/>
    <property name="native.encoding" value="UTF-8"/>
    <property name="java.library.path" value="/usr/java/packages/lib:/usr/lib64:/lib64:/lib:/usr/lib"/>
    <property name="java.vm.info" value="mixed mode, sharing"/>
    <property name="stderr.encoding" value="UTF-8"/>
    <property name="java.vendor" value="Oracle Corporation"/>
    <property name="java.vm.version" value="23.0.1+11-39"/>
    <property name="sun.io.unicode.encoding" value="UnicodeLittle"/>
    <property name="java.class.version" value="67.0"/>
    <property name="LOGGED_APPLICATION_NAME" value="[revenue] "/>
  </properties>
  <testcase name="contextLoads" classname="revenue.example.revenue.RevenueApplicationTests" time="1.887">
    <system-out><![CDATA[17:56:46.708 [main] INFO org.springframework.test.context.support.AnnotationConfigContextLoaderUtils -- Could not detect default configuration classes for test class [revenue.example.revenue.RevenueApplicationTests]: RevenueApplicationTests does not declare any static, non-private, non-final, nested classes annotated with @Configuration.
17:56:47.423 [main] INFO org.springframework.boot.test.context.SpringBootTestContextBootstrapper -- Found @SpringBootConfiguration revenue.example.revenue.RevenueApplication for test class revenue.example.revenue.RevenueApplicationTests
17:56:48.325 [main] INFO org.springframework.boot.devtools.restart.RestartApplicationListener -- Restart disabled due to context in which it is running

  .   ____          _            __ _ _
 /\\ / ___'_ __ _ _(_)_ __  __ _ \ \ \ \
( ( )\___ | '_ | '_| | '_ \/ _` | \ \ \ \
 \\/  ___)| |_)| | | | | || (_| |  ) ) ) )
  '  |____| .__|_| |_|_| |_\__, | / / / /
 =========|_|==============|___/=/_/_/_/

 :: Spring Boot ::                (v3.4.1)

2025-01-11T17:56:50.197-03:00  INFO 276612 --- [revenue] [           main] r.e.revenue.RevenueApplicationTests      : Starting RevenueApplicationTests using Java 23.0.1 with PID 276612 (started by kainom in /home/kainom/meusprojetos/revenue)
2025-01-11T17:56:50.200-03:00  INFO 276612 --- [revenue] [           main] r.e.revenue.RevenueApplicationTests      : No active profile set, falling back to 1 default profile: "default"
2025-01-11T17:56:55.222-03:00  INFO 276612 --- [revenue] [           main] .s.d.r.c.RepositoryConfigurationDelegate : Bootstrapping Spring Data MongoDB repositories in DEFAULT mode.
2025-01-11T17:56:55.537-03:00  INFO 276612 --- [revenue] [           main] .s.d.r.c.RepositoryConfigurationDelegate : Finished Spring Data repository scanning in 278 ms. Found 1 MongoDB repository interface.
2025-01-11T17:56:58.333-03:00  INFO 276612 --- [revenue] [ng3.mongodb.net] org.mongodb.driver.cluster               : Adding discovered server cluster0-shard-00-02.jmng3.mongodb.net:27017 to client view of cluster
2025-01-11T17:56:58.462-03:00  INFO 276612 --- [revenue] [           main] org.mongodb.driver.client                : MongoClient with metadata {"application": {"name": "Cluster0"}, "driver": {"name": "mongo-java-driver|sync|spring-boot", "version": "5.2.1"}, "os": {"type": "Linux", "name": "Linux", "architecture": "amd64", "version": "5.15.0-130-generic"}, "platform": "Java/Oracle Corporation/23.0.1+11-39"} created with settings MongoClientSettings{readPreference=primary, writeConcern=WriteConcern{w=majority, wTimeout=null ms, journal=null}, retryWrites=true, retryReads=true, readConcern=ReadConcern{level=null}, credential=MongoCredential{mechanism=null, userName='kainom', source='admin', password=<hidden>, mechanismProperties=<hidden>}, transportSettings=null, commandListeners=[], codecRegistry=ProvidersCodecRegistry{codecProviders=[ValueCodecProvider{}, BsonValueCodecProvider{}, DBRefCodecProvider{}, DBObjectCodecProvider{}, DocumentCodecProvider{}, CollectionCodecProvider{}, IterableCodecProvider{}, MapCodecProvider{}, GeoJsonCodecProvider{}, GridFSFileCodecProvider{}, Jsr310CodecProvider{}, JsonObjectCodecProvider{}, BsonCodecProvider{}, EnumCodecProvider{}, com.mongodb.client.model.mql.ExpressionCodecProvider@168ad26f, com.mongodb.Jep395RecordCodecProvider@4f93bf0a, com.mongodb.KotlinCodecProvider@322204dc]}, loggerSettings=LoggerSettings{maxDocumentLength=1000}, clusterSettings={hosts=[127.0.0.1:27017], srvHost=cluster0.jmng3.mongodb.net, srvServiceName=mongodb, mode=MULTIPLE, requiredClusterType=REPLICA_SET, requiredReplicaSetName='atlas-a3m12m-shard-0', serverSelector='null', clusterListeners='[]', serverSelectionTimeout='30000 ms', localThreshold='15 ms'}, socketSettings=SocketSettings{connectTimeoutMS=10000, readTimeoutMS=0, receiveBufferSize=0, proxySettings=ProxySettings{host=null, port=null, username=null, password=null}}, heartbeatSocketSettings=SocketSettings{connectTimeoutMS=10000, readTimeoutMS=10000, receiveBufferSize=0, proxySettings=ProxySettings{host=null, port=null, username=null, password=null}}, connectionPoolSettings=ConnectionPoolSettings{maxSize=100, minSize=0, maxWaitTimeMS=120000, maxConnectionLifeTimeMS=0, maxConnectionIdleTimeMS=0, maintenanceInitialDelayMS=0, maintenanceFrequencyMS=60000, connectionPoolListeners=[], maxConnecting=2}, serverSettings=ServerSettings{heartbeatFrequencyMS=10000, minHeartbeatFrequencyMS=500, serverMonitoringMode=AUTO, serverListeners='[]', serverMonitorListeners='[]'}, sslSettings=SslSettings{enabled=true, invalidHostNameAllowed=false, context=null}, applicationName='Cluster0', compressorList=[], uuidRepresentation=JAVA_LEGACY, serverApi=null, autoEncryptionSettings=null, dnsClient=null, inetAddressResolver=null, contextProvider=null, timeoutMS=null}
2025-01-11T17:56:58.595-03:00  INFO 276612 --- [revenue] [ng3.mongodb.net] org.mongodb.driver.cluster               : Adding discovered server cluster0-shard-00-01.jmng3.mongodb.net:27017 to client view of cluster
2025-01-11T17:56:58.638-03:00  INFO 276612 --- [revenue] [ng3.mongodb.net] org.mongodb.driver.cluster               : Adding discovered server cluster0-shard-00-00.jmng3.mongodb.net:27017 to client view of cluster
2025-01-11T17:57:00.041-03:00  INFO 276612 --- [revenue] [           main] i.m.r.core.builder.RunnerBuilderBase     : Mongock runner COMMUNITY version[[]]
2025-01-11T17:57:00.044-03:00  INFO 276612 --- [revenue] [           main] i.m.r.core.builder.RunnerBuilderBase     : Running Mongock with NO metadata
2025-01-11T17:57:00.045-03:00  WARN 276612 --- [revenue] [           main] i.m.r.core.builder.RunnerBuilderBase     : Property transaction-enabled not provided. It will become true as default in next versions. Set explicit value to false in case transaction are not desired.
2025-01-11T17:57:00.045-03:00  WARN 276612 --- [revenue] [           main] i.m.r.core.builder.RunnerBuilderBase     : Property transaction-enabled not provided and is unknown if driver is transactionable. BY DEFAULT MONGOCK WILL RUN IN NO-TRANSACTION MODE.
2025-01-11T17:57:01.023-03:00  INFO 276612 --- [revenue] [ngodb.net:27017] org.mongodb.driver.cluster               : Monitor thread successfully connected to server with description ServerDescription{address=cluster0-shard-00-00.jmng3.mongodb.net:27017, type=REPLICA_SET_SECONDARY, cryptd=false, state=CONNECTED, ok=true, minWireVersion=0, maxWireVersion=25, maxDocumentSize=16777216, logicalSessionTimeoutMinutes=30, roundTripTimeNanos=1312533024, minRoundTripTimeNanos=0, setName='atlas-a3m12m-shard-0', canonicalAddress=cluster0-shard-00-00.jmng3.mongodb.net:27017, hosts=[cluster0-shard-00-02.jmng3.mongodb.net:27017, cluster0-shard-00-00.jmng3.mongodb.net:27017, cluster0-shard-00-01.jmng3.mongodb.net:27017], passives=[], arbiters=[], primary='cluster0-shard-00-01.jmng3.mongodb.net:27017', tagSet=TagSet{[Tag{name='availabilityZone', value='sae1-az1'}, Tag{name='diskState', value='READY'}, Tag{name='nodeType', value='ELECTABLE'}, Tag{name='provider', value='AWS'}, Tag{name='region', value='SA_EAST_1'}, Tag{name='workloadType', value='OPERATIONAL'}]}, electionId=null, setVersion=33, topologyVersion=TopologyVersion{processId=677d36ed55869aab4c9ce4ff, counter=4}, lastWriteDate=Sat Jan 11 17:57:00 GMT-03:00 2025, lastUpdateTimeNanos=26673041243343}
2025-01-11T17:57:01.023-03:00  INFO 276612 --- [revenue] [ngodb.net:27017] org.mongodb.driver.cluster               : Monitor thread successfully connected to server with description ServerDescription{address=cluster0-shard-00-02.jmng3.mongodb.net:27017, type=REPLICA_SET_SECONDARY, cryptd=false, state=CONNECTED, ok=true, minWireVersion=0, maxWireVersion=25, maxDocumentSize=16777216, logicalSessionTimeoutMinutes=30, roundTripTimeNanos=1306876245, minRoundTripTimeNanos=0, setName='atlas-a3m12m-shard-0', canonicalAddress=cluster0-shard-00-02.jmng3.mongodb.net:27017, hosts=[cluster0-shard-00-02.jmng3.mongodb.net:27017, cluster0-shard-00-00.jmng3.mongodb.net:27017, cluster0-shard-00-01.jmng3.mongodb.net:27017], passives=[], arbiters=[], primary='cluster0-shard-00-01.jmng3.mongodb.net:27017', tagSet=TagSet{[Tag{name='availabilityZone', value='sae1-az2'}, Tag{name='diskState', value='READY'}, Tag{name='nodeType', value='ELECTABLE'}, Tag{name='provider', value='AWS'}, Tag{name='region', value='SA_EAST_1'}, Tag{name='workloadType', value='OPERATIONAL'}]}, electionId=null, setVersion=33, topologyVersion=TopologyVersion{processId=677d3e16066bf64bb4bb537b, counter=3}, lastWriteDate=Sat Jan 11 17:57:00 GMT-03:00 2025, lastUpdateTimeNanos=26673038910822}
2025-01-11T17:57:01.026-03:00  INFO 276612 --- [revenue] [ngodb.net:27017] org.mongodb.driver.cluster               : Monitor thread successfully connected to server with description ServerDescription{address=cluster0-shard-00-01.jmng3.mongodb.net:27017, type=REPLICA_SET_PRIMARY, cryptd=false, state=CONNECTED, ok=true, minWireVersion=0, maxWireVersion=25, maxDocumentSize=16777216, logicalSessionTimeoutMinutes=30, roundTripTimeNanos=1311223508, minRoundTripTimeNanos=0, setName='atlas-a3m12m-shard-0', canonicalAddress=cluster0-shard-00-01.jmng3.mongodb.net:27017, hosts=[cluster0-shard-00-02.jmng3.mongodb.net:27017, cluster0-shard-00-00.jmng3.mongodb.net:27017, cluster0-shard-00-01.jmng3.mongodb.net:27017], passives=[], arbiters=[], primary='cluster0-shard-00-01.jmng3.mongodb.net:27017', tagSet=TagSet{[Tag{name='availabilityZone', value='sae1-az3'}, Tag{name='diskState', value='READY'}, Tag{name='nodeType', value='ELECTABLE'}, Tag{name='provider', value='AWS'}, Tag{name='region', value='SA_EAST_1'}, Tag{name='workloadType', value='OPERATIONAL'}]}, electionId=7fffffff0000000000000093, setVersion=33, topologyVersion=TopologyVersion{processId=677d3a59fde49d3fa818a94d, counter=6}, lastWriteDate=Sat Jan 11 17:57:00 GMT-03:00 2025, lastUpdateTimeNanos=26673041511102}
2025-01-11T17:57:01.048-03:00  INFO 276612 --- [revenue] [ngodb.net:27017] org.mongodb.driver.cluster               : Discovered replica set primary cluster0-shard-00-01.jmng3.mongodb.net:27017 with max election id 7fffffff0000000000000093 and max set version 33
2025-01-11T17:57:03.077-03:00  WARN 276612 --- [revenue] [           main] .s.s.UserDetailsServiceAutoConfiguration : 

Using generated security password: dc806130-4aea-4054-9d27-831a99ed8e8d

This generated password is for development use only. Your security configuration must be updated before running your application in production.

2025-01-11T17:57:03.102-03:00  INFO 276612 --- [revenue] [           main] r$InitializeUserDetailsManagerConfigurer : Global AuthenticationManager configured with UserDetailsService bean with name inMemoryUserDetailsManager
2025-01-11T17:57:03.519-03:00  INFO 276612 --- [revenue] [           main] r.e.revenue.RevenueApplicationTests      : Started RevenueApplicationTests in 15.244 seconds (process running for 21.422)
2025-01-11T17:57:05.184-03:00  INFO 276612 --- [revenue] [           main] org.reflections.Reflections              : Reflections took 111 ms to scan 1 urls, producing 2 keys and 2 values
2025-01-11T17:57:05.192-03:00  INFO 276612 --- [revenue] [           main] org.reflections.Reflections              : Reflections took 1 ms to scan 1 urls, producing 2 keys and 2 values
2025-01-11T17:57:05.249-03:00  INFO 276612 --- [revenue] [           main] i.m.driver.core.lock.LockManagerDefault  : Mongock trying to acquire the lock
2025-01-11T17:57:05.308-03:00  INFO 276612 --- [revenue] [           main] i.m.driver.core.lock.LockManagerDefault  : Mongock acquired the lock until: Sat Jan 11 17:58:05 GMT-03:00 2025
2025-01-11T17:57:05.308-03:00  INFO 276612 --- [revenue] [       Thread-4] i.m.driver.core.lock.LockManagerDefault  : Starting mongock lock daemon...
2025-01-11T17:57:05.391-03:00  INFO 276612 --- [revenue] [           main] i.m.r.c.e.system.SystemUpdateExecutor    : Mongock starting the system update execution id[2025-01-11T17:57:00.041199800-659]...
2025-01-11T17:57:05.400-03:00  INFO 276612 --- [revenue] [           main] i.m.r.c.executor.ChangeLogRuntimeImpl    : method[io.mongock.runner.core.executor.system.changes.SystemChangeUnit00001] with arguments: []
2025-01-11T17:57:05.406-03:00  INFO 276612 --- [revenue] [           main] i.m.r.c.executor.ChangeLogRuntimeImpl    : method[beforeExecution] with arguments: [io.mongock.driver.mongodb.springdata.v4.SpringDataMongoV4ChangeEntryRepository]
2025-01-11T17:57:05.431-03:00  INFO 276612 --- [revenue] [           main] i.m.r.core.executor.ChangeExecutorBase   : APPLIED - {"id"="system-change-00001_before", "type"="before-execution", "author"="mongock", "class"="SystemChangeUnit00001", "method"="beforeExecution"}
2025-01-11T17:57:05.456-03:00  INFO 276612 --- [revenue] [           main] i.m.r.c.executor.ChangeLogRuntimeImpl    : method[execution] with arguments: [io.mongock.driver.mongodb.springdata.v4.SpringDataMongoV4ChangeEntryRepository]
2025-01-11T17:57:05.475-03:00  INFO 276612 --- [revenue] [           main] i.m.r.core.executor.ChangeExecutorBase   : APPLIED - {"id"="system-change-00001", "type"="execution", "author"="mongock", "class"="SystemChangeUnit00001", "method"="execution"}
2025-01-11T17:57:05.497-03:00  INFO 276612 --- [revenue] [           main] i.m.driver.core.lock.LockManagerDefault  : Mongock waiting to release the lock
2025-01-11T17:57:05.500-03:00  INFO 276612 --- [revenue] [           main] i.m.driver.core.lock.LockManagerDefault  : Mongock releasing the lock
2025-01-11T17:57:05.500-03:00  INFO 276612 --- [revenue] [       Thread-4] i.m.driver.core.lock.LockManagerDefault  : Cancelled mongock lock daemon
2025-01-11T17:57:05.524-03:00  INFO 276612 --- [revenue] [           main] i.m.driver.core.lock.LockManagerDefault  : Mongock released the lock
2025-01-11T17:57:05.525-03:00  INFO 276612 --- [revenue] [           main] i.m.r.c.e.system.SystemUpdateExecutor    : Mongock has finished the system update execution
2025-01-11T17:57:05.532-03:00  INFO 276612 --- [revenue] [           main] org.reflections.Reflections              : Reflections took 6 ms to scan 1 urls, producing 2 keys and 2 values
2025-01-11T17:57:05.536-03:00  INFO 276612 --- [revenue] [           main] org.reflections.Reflections              : Reflections took 3 ms to scan 1 urls, producing 2 keys and 2 values
2025-01-11T17:57:05.536-03:00  INFO 276612 --- [revenue] [           main] i.m.r.c.e.o.migrate.MigrateExecutorBase  : Mongock skipping the data migration. There is no change set item.
2025-01-11T17:57:05.536-03:00  INFO 276612 --- [revenue] [           main] i.m.r.c.e.o.migrate.MigrateExecutorBase  : Mongock has finished
]]></system-out>
    <system-err><![CDATA[Mockito is currently self-attaching to enable the inline-mock-maker. This will no longer work in future releases of the JDK. Please add Mockito as an agent to your build what is described in Mockito's documentation: https://javadoc.io/doc/org.mockito/mockito-core/latest/org/mockito/Mockito.html#0.3
WARNING: A Java agent has been loaded dynamically (/home/kainom/.m2/repository/net/bytebuddy/byte-buddy-agent/1.15.11/byte-buddy-agent-1.15.11.jar)
WARNING: If a serviceability tool is in use, please run with -XX:+EnableDynamicAgentLoading to hide this warning
WARNING: If a serviceability tool is not in use, please run with -Djdk.instrument.traceUsage for more information
WARNING: Dynamic loading of agents will be disallowed by default in a future release
]]></system-err>
  </testcase>
</testsuite>